graph-seek-complexity: levels=[1, 2, 3, 4, 5] iters_per_level=50 dreams_per_iter=10 eval_dreams=15
  level 1 iter   1/50  loss=2.841 top1=0.00
  level 1 iter   5/50  loss=0.837 top1=0.90
  level 1 iter  10/50  loss=0.298 top1=0.90
  level 1 iter  15/50  loss=0.018 top1=1.00
  level 1 iter  20/50  loss=0.288 top1=0.90
  level 1 iter  25/50  loss=0.198 top1=0.80
  level 1 iter  30/50  loss=0.003 top1=1.00
  level 1 iter  35/50  loss=0.002 top1=1.00
  level 1 iter  40/50  loss=0.000 top1=1.00
  level 1 iter  45/50  loss=0.000 top1=1.00
  level 1 iter  50/50  loss=0.056 top1=1.00
  level 2 iter   1/50  loss=5.564 top1=0.40
  level 2 iter   5/50  loss=2.773 top1=0.53
  level 2 iter  10/50  loss=1.028 top1=0.80
  level 2 iter  15/50  loss=1.117 top1=0.67
  level 2 iter  20/50  loss=0.811 top1=0.80
  level 2 iter  25/50  loss=0.864 top1=0.67
  level 2 iter  30/50  loss=1.048 top1=0.67
  level 2 iter  35/50  loss=0.767 top1=0.73
  level 2 iter  40/50  loss=0.793 top1=0.73
  level 2 iter  45/50  loss=0.818 top1=0.67
  level 2 iter  50/50  loss=0.611 top1=0.80
  level 3 iter   1/50  loss=2.115 top1=0.57
  level 3 iter   5/50  loss=2.191 top1=0.43
  level 3 iter  10/50  loss=1.092 top1=0.67
  level 3 iter  15/50  loss=1.653 top1=0.48
  level 3 iter  20/50  loss=1.457 top1=0.48
  level 3 iter  25/50  loss=1.252 top1=0.62
  level 3 iter  30/50  loss=1.123 top1=0.67
  level 3 iter  35/50  loss=0.886 top1=0.76
  level 3 iter  40/50  loss=1.129 top1=0.62
  level 3 iter  45/50  loss=1.227 top1=0.62
  level 3 iter  50/50  loss=1.586 top1=0.52
  level 4 iter   1/50  loss=1.748 top1=0.43
  level 4 iter   5/50  loss=1.429 top1=0.46
  level 4 iter  10/50  loss=1.662 top1=0.43
  level 4 iter  15/50  loss=1.665 top1=0.46
  level 4 iter  20/50  loss=1.364 top1=0.50
  level 4 iter  25/50  loss=1.260 top1=0.54
  level 4 iter  30/50  loss=1.498 top1=0.50
  level 4 iter  35/50  loss=1.728 top1=0.46
  level 4 iter  40/50  loss=1.641 top1=0.39
  level 4 iter  45/50  loss=1.501 top1=0.46
  level 4 iter  50/50  loss=1.472 top1=0.54
  level 5 iter   1/50  loss=1.637 top1=0.47
  level 5 iter   5/50  loss=1.479 top1=0.50
  level 5 iter  10/50  loss=1.465 top1=0.50
  level 5 iter  15/50  loss=1.274 top1=0.63
  level 5 iter  20/50  loss=1.074 top1=0.60
  level 5 iter  25/50  loss=1.209 top1=0.67
  level 5 iter  30/50  loss=1.096 top1=0.60
  level 5 iter  35/50  loss=1.392 top1=0.53
  level 5 iter  40/50  loss=1.271 top1=0.63
  level 5 iter  45/50  loss=1.147 top1=0.73
  level 5 iter  50/50  loss=0.895 top1=0.73

| Complexity | Iters | Loss start → end | Top-1 start → end | Eval solved | Avg size | Avg ms |
|---:|---:|---|---|---:|---:|---:|
| 1 | 50 | 2.841 → 0.056 | 0.00 → 1.00 | 15/15 (100%) | 3.0 | 2 |
| 2 | 50 | 5.564 → 0.611 | 0.40 → 0.80 | 0/15 (0%) | 0.0 | 7213 |
| 3 | 50 | 2.115 → 1.586 | 0.57 → 0.52 | 3/15 (20%) | 3.0 | 14468 |
| 4 | 50 | 1.748 → 1.472 | 0.43 → 0.54 | 2/15 (13%) | 4.0 | 20616 |
| 5 | 50 | 1.637 → 0.895 | 0.47 → 0.73 | 8/15 (53%) | 6.0 | 13964 |

wrote table to results/curriculum_cum_n32.md
